\BOOKMARK [-1][]{frontmatter_anchor.-1}{Front Matter}{}% 1
\BOOKMARK [0][-]{title_anchor.0}{Title Page}{frontmatter_anchor.-1}% 2
\BOOKMARK [0][-]{toc_anchor.0}{Table of Contents}{frontmatter_anchor.-1}% 3
\BOOKMARK [0][-]{lof_anchor.0}{List of Figures}{frontmatter_anchor.-1}% 4
\BOOKMARK [-1][]{mainmatter_anchor.-1}{Main Matter}{}% 5
\BOOKMARK [0][-]{chapter.1}{Introduction}{mainmatter_anchor.-1}% 6
\BOOKMARK [1][-]{section.1.1}{Theme Relevance and Justification}{chapter.1}% 7
\BOOKMARK [2][-]{subsection.1.1.1}{Omni-wheeled robots}{section.1.1}% 8
\BOOKMARK [2][-]{subsection.1.1.2}{Model Predictive Control}{section.1.1}% 9
\BOOKMARK [1][-]{section.1.2}{Research Objective}{chapter.1}% 10
\BOOKMARK [1][-]{section.1.3}{Thesis Context}{chapter.1}% 11
\BOOKMARK [1][-]{section.1.4}{Notation}{chapter.1}% 12
\BOOKMARK [0][-]{chapter.2}{Problem Formulation}{mainmatter_anchor.-1}% 13
\BOOKMARK [1][-]{section.2.1}{Omni-wheeled robot}{chapter.2}% 14
\BOOKMARK [1][-]{section.2.2}{Dynamic Model}{chapter.2}% 15
\BOOKMARK [2][-]{subsection.2.2.1}{Motor Dynamics Identification}{section.2.2}% 16
\BOOKMARK [2][-]{subsection.2.2.2}{Aerodynamic Drag}{section.2.2}% 17
\BOOKMARK [2][-]{subsection.2.2.3}{Environment Definition}{section.2.2}% 18
\BOOKMARK [2][-]{subsection.2.2.4}{Obstacle Modeling}{section.2.2}% 19
\BOOKMARK [-1][]{apdx_anchor.-1}{Appendices}{}% 20
\BOOKMARK [-1][]{backmatter_anchor.-1}{Back Matter}{}% 21
\BOOKMARK [0][-]{appendix*.18}{Glossary}{backmatter_anchor.-1}% 22
\BOOKMARK [1][-]{section*.19}{List of Acronyms}{appendix*.18}% 23
\BOOKMARK [1][-]{section*.21}{List of Symbols}{appendix*.18}% 24
